This file contains any messages produced by compilers while
running configure, to aid debugging if configure makes a mistake.

It was created by libmsocket configure 0.4, which was
generated by GNU Autoconf 2.61.  Invocation command line was

  $ ./configure 

## --------- ##
## Platform. ##
## --------- ##

hostname = fenrir.int.sykotik.org
uname -m = x86_64
uname -r = 3.2.0-26-generic
uname -s = Linux
uname -v = #41-Ubuntu SMP Thu Jun 14 17:49:24 UTC 2012

/usr/bin/uname -p = unknown
/bin/uname -X     = unknown

/bin/arch              = unknown
/usr/bin/arch -k       = unknown
/usr/convex/getsysinfo = unknown
/usr/bin/hostinfo      = unknown
/bin/machine           = unknown
/usr/bin/oslevel       = unknown
/bin/universe          = unknown

PATH: /bin
PATH: /sbin
PATH: /usr/bin
PATH: /usr/sbin
PATH: /usr/local/bin
PATH: /usr/local/sbin
PATH: /usr/games


## ----------- ##
## Core tests. ##
## ----------- ##

configure:1762: checking for gcc
configure:1778: found /usr/bin/gcc
configure:1789: result: gcc
configure:2027: checking for C compiler version
configure:2034: gcc --version >&5
gcc (Ubuntu/Linaro 4.6.3-1ubuntu5) 4.6.3
Copyright (C) 2011 Free Software Foundation, Inc.
This is free software; see the source for copying conditions.  There is NO
warranty; not even for MERCHANTABILITY or FITNESS FOR A PARTICULAR PURPOSE.

configure:2037: $? = 0
configure:2044: gcc -v >&5
Using built-in specs.
COLLECT_GCC=gcc
COLLECT_LTO_WRAPPER=/usr/lib/gcc/x86_64-linux-gnu/4.6/lto-wrapper
Target: x86_64-linux-gnu
Configured with: ../src/configure -v --with-pkgversion='Ubuntu/Linaro 4.6.3-1ubuntu5' --with-bugurl=file:///usr/share/doc/gcc-4.6/README.Bugs --enable-languages=c,c++,fortran,objc,obj-c++ --prefix=/usr --program-suffix=-4.6 --enable-shared --enable-linker-build-id --with-system-zlib --libexecdir=/usr/lib --without-included-gettext --enable-threads=posix --with-gxx-include-dir=/usr/include/c++/4.6 --libdir=/usr/lib --enable-nls --with-sysroot=/ --enable-clocale=gnu --enable-libstdcxx-debug --enable-libstdcxx-time=yes --enable-gnu-unique-object --enable-plugin --enable-objc-gc --disable-werror --with-arch-32=i686 --with-tune=generic --enable-checking=release --build=x86_64-linux-gnu --host=x86_64-linux-gnu --target=x86_64-linux-gnu
Thread model: posix
gcc version 4.6.3 (Ubuntu/Linaro 4.6.3-1ubuntu5) 
configure:2047: $? = 0
configure:2054: gcc -V >&5
gcc: error: unrecognized option '-V'
gcc: fatal error: no input files
compilation terminated.
configure:2057: $? = 4
configure:2080: checking for C compiler default output file name
configure:2107: gcc    conftest.c  >&5
configure:2110: $? = 0
configure:2148: result: a.out
configure:2165: checking whether the C compiler works
configure:2175: ./a.out
configure:2178: $? = 0
configure:2195: result: yes
configure:2202: checking whether we are cross compiling
configure:2204: result: no
configure:2207: checking for suffix of executables
configure:2214: gcc -o conftest    conftest.c  >&5
configure:2217: $? = 0
configure:2241: result: 
configure:2247: checking for suffix of object files
configure:2273: gcc -c   conftest.c >&5
configure:2276: $? = 0
configure:2299: result: o
configure:2303: checking whether we are using the GNU C compiler
configure:2332: gcc -c   conftest.c >&5
configure:2338: $? = 0
configure:2355: result: yes
configure:2360: checking whether gcc accepts -g
configure:2390: gcc -c -g  conftest.c >&5
configure:2396: $? = 0
configure:2495: result: yes
configure:2512: checking for gcc option to accept ISO C89
configure:2586: gcc  -c -g -O2  conftest.c >&5
configure:2592: $? = 0
configure:2615: result: none needed
configure:2680: checking for library containing strerror
configure:2721: gcc -o conftest    conftest.c  >&5
configure:2727: $? = 0
configure:2755: result: none required
configure:2763: checking for inline
configure:2789: gcc -c   conftest.c >&5
configure:2795: $? = 0
configure:2813: result: inline
configure:2832: checking for an ANSI C-conforming const
configure:2907: gcc -c   conftest.c >&5
configure:2913: $? = 0
configure:2928: result: yes
configure:2938: checking for working volatile
configure:2967: gcc -c   conftest.c >&5
configure:2973: $? = 0
configure:2988: result: yes
configure:3003: checking how to run the C preprocessor
configure:3043: gcc -E  conftest.c
configure:3049: $? = 0
configure:3080: gcc -E  conftest.c
conftest.c:8:28: fatal error: ac_nonexistent.h: No such file or directory
compilation terminated.
configure:3086: $? = 1
configure: failed program was:
| /* confdefs.h.  */
| #define PACKAGE_NAME "libmsocket"
| #define PACKAGE_TARNAME "libmsocket"
| #define PACKAGE_VERSION "0.4"
| #define PACKAGE_STRING "libmsocket 0.4"
| #define PACKAGE_BUGREPORT ""
| /* end confdefs.h.  */
| #include <ac_nonexistent.h>
configure:3119: result: gcc -E
configure:3148: gcc -E  conftest.c
configure:3154: $? = 0
configure:3185: gcc -E  conftest.c
conftest.c:8:28: fatal error: ac_nonexistent.h: No such file or directory
compilation terminated.
configure:3191: $? = 1
configure: failed program was:
| /* confdefs.h.  */
| #define PACKAGE_NAME "libmsocket"
| #define PACKAGE_TARNAME "libmsocket"
| #define PACKAGE_VERSION "0.4"
| #define PACKAGE_STRING "libmsocket 0.4"
| #define PACKAGE_BUGREPORT ""
| /* end confdefs.h.  */
| #include <ac_nonexistent.h>
configure:3229: checking for grep that handles long lines and -e
configure:3303: result: /bin/grep
configure:3308: checking for egrep
configure:3386: result: /bin/grep -E
configure:3391: checking for ANSI C header files
configure:3421: gcc -c   conftest.c >&5
configure:3427: $? = 0
configure:3526: gcc -o conftest    conftest.c  >&5
configure:3529: $? = 0
configure:3535: ./conftest
configure:3538: $? = 0
configure:3555: result: yes
configure:3579: checking for sys/types.h
configure:3600: gcc -c   conftest.c >&5
configure:3606: $? = 0
configure:3622: result: yes
configure:3579: checking for sys/stat.h
configure:3600: gcc -c   conftest.c >&5
configure:3606: $? = 0
configure:3622: result: yes
configure:3579: checking for stdlib.h
configure:3600: gcc -c   conftest.c >&5
configure:3606: $? = 0
configure:3622: result: yes
configure:3579: checking for string.h
configure:3600: gcc -c   conftest.c >&5
configure:3606: $? = 0
configure:3622: result: yes
configure:3579: checking for memory.h
configure:3600: gcc -c   conftest.c >&5
configure:3606: $? = 0
configure:3622: result: yes
configure:3579: checking for strings.h
configure:3600: gcc -c   conftest.c >&5
configure:3606: $? = 0
configure:3622: result: yes
configure:3579: checking for inttypes.h
configure:3600: gcc -c   conftest.c >&5
configure:3606: $? = 0
configure:3622: result: yes
configure:3579: checking for stdint.h
configure:3600: gcc -c   conftest.c >&5
configure:3606: $? = 0
configure:3622: result: yes
configure:3579: checking for unistd.h
configure:3600: gcc -c   conftest.c >&5
configure:3606: $? = 0
configure:3622: result: yes
configure:3634: checking whether byte ordering is bigendian
configure:3667: gcc -c   conftest.c >&5
configure:3673: $? = 0
configure:3705: gcc -c   conftest.c >&5
conftest.c: In function 'main':
conftest.c:25:2: error: unknown type name 'not'
conftest.c:25:10: error: expected '=', ',', ';', 'asm' or '__attribute__' before 'endian'
configure:3711: $? = 1
configure: failed program was:
| /* confdefs.h.  */
| #define PACKAGE_NAME "libmsocket"
| #define PACKAGE_TARNAME "libmsocket"
| #define PACKAGE_VERSION "0.4"
| #define PACKAGE_STRING "libmsocket 0.4"
| #define PACKAGE_BUGREPORT ""
| #define STDC_HEADERS 1
| #define HAVE_SYS_TYPES_H 1
| #define HAVE_SYS_STAT_H 1
| #define HAVE_STDLIB_H 1
| #define HAVE_STRING_H 1
| #define HAVE_MEMORY_H 1
| #define HAVE_STRINGS_H 1
| #define HAVE_INTTYPES_H 1
| #define HAVE_STDINT_H 1
| #define HAVE_UNISTD_H 1
| /* end confdefs.h.  */
| #include <sys/types.h>
| #include <sys/param.h>
| 
| int
| main ()
| {
| #if BYTE_ORDER != BIG_ENDIAN
|  not big endian
| #endif
| 
|   ;
|   return 0;
| }
configure:3851: result: no
configure:3914: checking for a BSD-compatible install
configure:3970: result: /usr/bin/install -c
configure:3981: checking whether make sets $(MAKE)
configure:4002: result: yes
configure:4013: checking for test
configure:4031: found /usr/bin/test
configure:4044: result: /usr/bin/test
configure:4053: checking for ANSI C header files
configure:4217: result: yes
configure:4228: checking for stdint.h
configure:4233: result: yes
configure:4371: checking sys/param.h usability
configure:4388: gcc -c   conftest.c >&5
configure:4394: $? = 0
configure:4408: result: yes
configure:4412: checking sys/param.h presence
configure:4427: gcc -E  conftest.c
configure:4433: $? = 0
configure:4447: result: yes
configure:4475: checking for sys/param.h
configure:4483: result: yes
configure:4371: checking sys/endian.h usability
configure:4388: gcc -c   conftest.c >&5
conftest.c:53:24: fatal error: sys/endian.h: No such file or directory
compilation terminated.
configure:4394: $? = 1
configure: failed program was:
| /* confdefs.h.  */
| #define PACKAGE_NAME "libmsocket"
| #define PACKAGE_TARNAME "libmsocket"
| #define PACKAGE_VERSION "0.4"
| #define PACKAGE_STRING "libmsocket 0.4"
| #define PACKAGE_BUGREPORT ""
| #define STDC_HEADERS 1
| #define HAVE_SYS_TYPES_H 1
| #define HAVE_SYS_STAT_H 1
| #define HAVE_STDLIB_H 1
| #define HAVE_STRING_H 1
| #define HAVE_MEMORY_H 1
| #define HAVE_STRINGS_H 1
| #define HAVE_INTTYPES_H 1
| #define HAVE_STDINT_H 1
| #define HAVE_UNISTD_H 1
| #define STDC_HEADERS 1
| #define HAVE_SYS_PARAM_H 1
| /* end confdefs.h.  */
| #include <stdio.h>
| #ifdef HAVE_SYS_TYPES_H
| # include <sys/types.h>
| #endif
| #ifdef HAVE_SYS_STAT_H
| # include <sys/stat.h>
| #endif
| #ifdef STDC_HEADERS
| # include <stdlib.h>
| # include <stddef.h>
| #else
| # ifdef HAVE_STDLIB_H
| #  include <stdlib.h>
| # endif
| #endif
| #ifdef HAVE_STRING_H
| # if !defined STDC_HEADERS && defined HAVE_MEMORY_H
| #  include <memory.h>
| # endif
| # include <string.h>
| #endif
| #ifdef HAVE_STRINGS_H
| # include <strings.h>
| #endif
| #ifdef HAVE_INTTYPES_H
| # include <inttypes.h>
| #endif
| #ifdef HAVE_STDINT_H
| # include <stdint.h>
| #endif
| #ifdef HAVE_UNISTD_H
| # include <unistd.h>
| #endif
| #include <sys/endian.h>
configure:4408: result: no
configure:4412: checking sys/endian.h presence
configure:4427: gcc -E  conftest.c
conftest.c:20:24: fatal error: sys/endian.h: No such file or directory
compilation terminated.
configure:4433: $? = 1
configure: failed program was:
| /* confdefs.h.  */
| #define PACKAGE_NAME "libmsocket"
| #define PACKAGE_TARNAME "libmsocket"
| #define PACKAGE_VERSION "0.4"
| #define PACKAGE_STRING "libmsocket 0.4"
| #define PACKAGE_BUGREPORT ""
| #define STDC_HEADERS 1
| #define HAVE_SYS_TYPES_H 1
| #define HAVE_SYS_STAT_H 1
| #define HAVE_STDLIB_H 1
| #define HAVE_STRING_H 1
| #define HAVE_MEMORY_H 1
| #define HAVE_STRINGS_H 1
| #define HAVE_INTTYPES_H 1
| #define HAVE_STDINT_H 1
| #define HAVE_UNISTD_H 1
| #define STDC_HEADERS 1
| #define HAVE_SYS_PARAM_H 1
| /* end confdefs.h.  */
| #include <sys/endian.h>
configure:4447: result: no
configure:4475: checking for sys/endian.h
configure:4483: result: no
configure:4371: checking netinet/in.h usability
configure:4388: gcc -c   conftest.c >&5
configure:4394: $? = 0
configure:4408: result: yes
configure:4412: checking netinet/in.h presence
configure:4427: gcc -E  conftest.c
configure:4433: $? = 0
configure:4447: result: yes
configure:4475: checking for netinet/in.h
configure:4483: result: yes
configure:4496: checking for long long
configure:4526: gcc -c   conftest.c >&5
configure:4532: $? = 0
configure:4547: result: yes
configure:4554: checking size of long long
configure:4856: gcc -o conftest    conftest.c  >&5
configure:4859: $? = 0
configure:4865: ./conftest
configure:4868: $? = 0
configure:4891: result: 8
configure:4901: checking for long
configure:4931: gcc -c   conftest.c >&5
configure:4937: $? = 0
configure:4952: result: yes
configure:4959: checking size of long
configure:5261: gcc -o conftest    conftest.c  >&5
configure:5264: $? = 0
configure:5270: ./conftest
configure:5273: $? = 0
configure:5296: result: 8
configure:5306: checking for int
configure:5336: gcc -c   conftest.c >&5
configure:5342: $? = 0
configure:5357: result: yes
configure:5364: checking size of int
configure:5666: gcc -o conftest    conftest.c  >&5
configure:5669: $? = 0
configure:5675: ./conftest
configure:5678: $? = 0
configure:5701: result: 4
configure:5711: checking for short
configure:5741: gcc -c   conftest.c >&5
configure:5747: $? = 0
configure:5762: result: yes
configure:5769: checking size of short
configure:6071: gcc -o conftest    conftest.c  >&5
configure:6074: $? = 0
configure:6080: ./conftest
configure:6083: $? = 0
configure:6106: result: 2
configure:6125: checking for mmap
configure:6181: gcc -o conftest    conftest.c  >&5
configure:6187: $? = 0
configure:6205: result: yes
configure:6125: checking for realloc
configure:6181: gcc -o conftest    conftest.c  >&5
conftest.c:49:6: warning: conflicting types for built-in function 'realloc' [enabled by default]
configure:6187: $? = 0
configure:6205: result: yes
configure:6125: checking for reallocf
configure:6181: gcc -o conftest    conftest.c  >&5
/tmp/cc8k74ky.o: In function `main':
conftest.c:(.text+0xa): undefined reference to `reallocf'
collect2: ld returned 1 exit status
configure:6187: $? = 1
configure: failed program was:
| /* confdefs.h.  */
| #define PACKAGE_NAME "libmsocket"
| #define PACKAGE_TARNAME "libmsocket"
| #define PACKAGE_VERSION "0.4"
| #define PACKAGE_STRING "libmsocket 0.4"
| #define PACKAGE_BUGREPORT ""
| #define STDC_HEADERS 1
| #define HAVE_SYS_TYPES_H 1
| #define HAVE_SYS_STAT_H 1
| #define HAVE_STDLIB_H 1
| #define HAVE_STRING_H 1
| #define HAVE_MEMORY_H 1
| #define HAVE_STRINGS_H 1
| #define HAVE_INTTYPES_H 1
| #define HAVE_STDINT_H 1
| #define HAVE_UNISTD_H 1
| #define STDC_HEADERS 1
| #define HAVE_SYS_PARAM_H 1
| #define HAVE_NETINET_IN_H 1
| #define SIZEOF_LONG_LONG 8
| #define SIZEOF_LONG 8
| #define SIZEOF_INT 4
| #define SIZEOF_SHORT 2
| #define HAVE_MMAP 1
| #define HAVE_REALLOC 1
| /* end confdefs.h.  */
| /* Define reallocf to an innocuous variant, in case <limits.h> declares reallocf.
|    For example, HP-UX 11i <limits.h> declares gettimeofday.  */
| #define reallocf innocuous_reallocf
| 
| /* System header to define __stub macros and hopefully few prototypes,
|     which can conflict with char reallocf (); below.
|     Prefer <limits.h> to <assert.h> if __STDC__ is defined, since
|     <limits.h> exists even on freestanding compilers.  */
| 
| #ifdef __STDC__
| # include <limits.h>
| #else
| # include <assert.h>
| #endif
| 
| #undef reallocf
| 
| /* Override any GCC internal prototype to avoid an error.
|    Use char because int might match the return type of a GCC
|    builtin and then its argument prototype would still apply.  */
| #ifdef __cplusplus
| extern "C"
| #endif
| char reallocf ();
| /* The GNU C library defines this for functions which it implements
|     to always fail with ENOSYS.  Some functions are actually named
|     something starting with __ and the normal name is an alias.  */
| #if defined __stub_reallocf || defined __stub___reallocf
| choke me
| #endif
| 
| int
| main ()
| {
| return reallocf ();
|   ;
|   return 0;
| }
configure:6205: result: no
configure:6125: checking for gmtime_r
configure:6181: gcc -o conftest    conftest.c  >&5
configure:6187: $? = 0
configure:6205: result: yes
configure:6125: checking for localtime_r
configure:6181: gcc -o conftest    conftest.c  >&5
configure:6187: $? = 0
configure:6205: result: yes
configure:6125: checking for usleep
configure:6181: gcc -o conftest    conftest.c  >&5
configure:6187: $? = 0
configure:6205: result: yes
configure:6226: checking readpassphrase.h usability
configure:6243: gcc -c   conftest.c >&5
conftest.c:63:28: fatal error: readpassphrase.h: No such file or directory
compilation terminated.
configure:6249: $? = 1
configure: failed program was:
| /* confdefs.h.  */
| #define PACKAGE_NAME "libmsocket"
| #define PACKAGE_TARNAME "libmsocket"
| #define PACKAGE_VERSION "0.4"
| #define PACKAGE_STRING "libmsocket 0.4"
| #define PACKAGE_BUGREPORT ""
| #define STDC_HEADERS 1
| #define HAVE_SYS_TYPES_H 1
| #define HAVE_SYS_STAT_H 1
| #define HAVE_STDLIB_H 1
| #define HAVE_STRING_H 1
| #define HAVE_MEMORY_H 1
| #define HAVE_STRINGS_H 1
| #define HAVE_INTTYPES_H 1
| #define HAVE_STDINT_H 1
| #define HAVE_UNISTD_H 1
| #define STDC_HEADERS 1
| #define HAVE_SYS_PARAM_H 1
| #define HAVE_NETINET_IN_H 1
| #define SIZEOF_LONG_LONG 8
| #define SIZEOF_LONG 8
| #define SIZEOF_INT 4
| #define SIZEOF_SHORT 2
| #define HAVE_MMAP 1
| #define HAVE_REALLOC 1
| #define HAVE_GMTIME_R 1
| #define HAVE_LOCALTIME_R 1
| #define HAVE_USLEEP 1
| /* end confdefs.h.  */
| #include <stdio.h>
| #ifdef HAVE_SYS_TYPES_H
| # include <sys/types.h>
| #endif
| #ifdef HAVE_SYS_STAT_H
| # include <sys/stat.h>
| #endif
| #ifdef STDC_HEADERS
| # include <stdlib.h>
| # include <stddef.h>
| #else
| # ifdef HAVE_STDLIB_H
| #  include <stdlib.h>
| # endif
| #endif
| #ifdef HAVE_STRING_H
| # if !defined STDC_HEADERS && defined HAVE_MEMORY_H
| #  include <memory.h>
| # endif
| # include <string.h>
| #endif
| #ifdef HAVE_STRINGS_H
| # include <strings.h>
| #endif
| #ifdef HAVE_INTTYPES_H
| # include <inttypes.h>
| #endif
| #ifdef HAVE_STDINT_H
| # include <stdint.h>
| #endif
| #ifdef HAVE_UNISTD_H
| # include <unistd.h>
| #endif
| #include <readpassphrase.h>
configure:6263: result: no
configure:6267: checking readpassphrase.h presence
configure:6282: gcc -E  conftest.c
conftest.c:30:28: fatal error: readpassphrase.h: No such file or directory
compilation terminated.
configure:6288: $? = 1
configure: failed program was:
| /* confdefs.h.  */
| #define PACKAGE_NAME "libmsocket"
| #define PACKAGE_TARNAME "libmsocket"
| #define PACKAGE_VERSION "0.4"
| #define PACKAGE_STRING "libmsocket 0.4"
| #define PACKAGE_BUGREPORT ""
| #define STDC_HEADERS 1
| #define HAVE_SYS_TYPES_H 1
| #define HAVE_SYS_STAT_H 1
| #define HAVE_STDLIB_H 1
| #define HAVE_STRING_H 1
| #define HAVE_MEMORY_H 1
| #define HAVE_STRINGS_H 1
| #define HAVE_INTTYPES_H 1
| #define HAVE_STDINT_H 1
| #define HAVE_UNISTD_H 1
| #define STDC_HEADERS 1
| #define HAVE_SYS_PARAM_H 1
| #define HAVE_NETINET_IN_H 1
| #define SIZEOF_LONG_LONG 8
| #define SIZEOF_LONG 8
| #define SIZEOF_INT 4
| #define SIZEOF_SHORT 2
| #define HAVE_MMAP 1
| #define HAVE_REALLOC 1
| #define HAVE_GMTIME_R 1
| #define HAVE_LOCALTIME_R 1
| #define HAVE_USLEEP 1
| /* end confdefs.h.  */
| #include <readpassphrase.h>
configure:6302: result: no
configure:6330: checking for readpassphrase.h
configure:6337: result: no
configure:6446: checking for getpass
configure:6502: gcc -o conftest    conftest.c  >&5
configure:6508: $? = 0
configure:6526: result: yes
configure:6546: checking for uint64_t
configure:6576: gcc -c   conftest.c >&5
configure:6582: $? = 0
configure:6597: result: yes
configure:6609: checking for int64_t
configure:6639: gcc -c   conftest.c >&5
configure:6645: $? = 0
configure:6660: result: yes
configure:6678: checking for entropy device
configure:6686: result: /dev/urandom
configure:6711: checking for OpenSSL
configure:6738: result: /usr
configure:6757: checking for SSL_library_init in -lssl
configure:6792: gcc -o conftest  -I/usr/include  -I/usr/include  conftest.c -lssl   -L/usr/lib >&5
configure:6798: $? = 0
configure:6816: result: yes
configure:6828: checking for RAND_seed in -lcrypto
configure:6863: gcc -o conftest  -I/usr/include  -I/usr/include  conftest.c -lcrypto  -lssl  -L/usr/lib >&5
configure:6869: $? = 0
configure:6887: result: yes
configure:6899: checking for OpenSSL 0.9.7 or above
configure:6927: gcc -o conftest  -I/usr/include  -I/usr/include  conftest.c -lcrypto -lssl  -L/usr/lib >&5
configure:6930: $? = 0
configure:6936: ./conftest
configure:6939: $? = 0
configure:6956: result: found
configure:6971: checking for libevent
configure:6998: result: /usr
configure:7018: checking for event_init in -levent
configure:7053: gcc -o conftest  -I/usr/include -I/usr/include  -I/usr/include -I/usr/include  conftest.c -levent  -lcrypto -lssl  -L/usr/lib -L/usr/lib >&5
configure:7059: $? = 0
configure:7077: result: yes
configure:7099: checking event.h usability
configure:7116: gcc -c  -I/usr/include -I/usr/include  -I/usr/include -I/usr/include conftest.c >&5
configure:7122: $? = 0
configure:7136: result: yes
configure:7140: checking event.h presence
configure:7155: gcc -E  -I/usr/include -I/usr/include conftest.c
configure:7161: $? = 0
configure:7175: result: yes
configure:7203: checking for event.h
configure:7210: result: yes
configure:7364: creating ./config.status

## ---------------------- ##
## Running config.status. ##
## ---------------------- ##

This file was extended by libmsocket config.status 0.4, which was
generated by GNU Autoconf 2.61.  Invocation command line was

  CONFIG_FILES    = 
  CONFIG_HEADERS  = 
  CONFIG_LINKS    = 
  CONFIG_COMMANDS = 
  $ ./config.status 

on fenrir.int.sykotik.org

config.status:600: creating Makefile
config.status:600: creating localconfig.h

## ---------------- ##
## Cache variables. ##
## ---------------- ##

ac_cv_c_bigendian=no
ac_cv_c_compiler_gnu=yes
ac_cv_c_const=yes
ac_cv_c_inline=inline
ac_cv_c_volatile=yes
ac_cv_env_CC_set=
ac_cv_env_CC_value=
ac_cv_env_CFLAGS_set=
ac_cv_env_CFLAGS_value=
ac_cv_env_CPPFLAGS_set=
ac_cv_env_CPPFLAGS_value=
ac_cv_env_CPP_set=
ac_cv_env_CPP_value=
ac_cv_env_LDFLAGS_set=
ac_cv_env_LDFLAGS_value=
ac_cv_env_LIBS_set=
ac_cv_env_LIBS_value=
ac_cv_env_build_alias_set=
ac_cv_env_build_alias_value=
ac_cv_env_host_alias_set=
ac_cv_env_host_alias_value=
ac_cv_env_target_alias_set=
ac_cv_env_target_alias_value=
ac_cv_func_getpass=yes
ac_cv_func_gmtime_r=yes
ac_cv_func_localtime_r=yes
ac_cv_func_mmap=yes
ac_cv_func_realloc=yes
ac_cv_func_reallocf=no
ac_cv_func_usleep=yes
ac_cv_header_event_h=yes
ac_cv_header_inttypes_h=yes
ac_cv_header_memory_h=yes
ac_cv_header_netinet_in_h=yes
ac_cv_header_readpassphrase_h=no
ac_cv_header_stdc=yes
ac_cv_header_stdint_h=yes
ac_cv_header_stdlib_h=yes
ac_cv_header_string_h=yes
ac_cv_header_strings_h=yes
ac_cv_header_sys_endian_h=no
ac_cv_header_sys_param_h=yes
ac_cv_header_sys_stat_h=yes
ac_cv_header_sys_types_h=yes
ac_cv_header_unistd_h=yes
ac_cv_lib_crypto_RAND_seed=yes
ac_cv_lib_event_event_init=yes
ac_cv_lib_ssl_SSL_library_init=yes
ac_cv_objext=o
ac_cv_path_EGREP='/bin/grep -E'
ac_cv_path_GREP=/bin/grep
ac_cv_path_TEST=/usr/bin/test
ac_cv_path_install='/usr/bin/install -c'
ac_cv_prog_CPP='gcc -E'
ac_cv_prog_ac_ct_CC=gcc
ac_cv_prog_cc_c89=
ac_cv_prog_cc_g=yes
ac_cv_prog_make_make_set=yes
ac_cv_search_strerror='none required'
ac_cv_sizeof_int=4
ac_cv_sizeof_long=8
ac_cv_sizeof_long_long=8
ac_cv_sizeof_short=2
ac_cv_type_int64_t=yes
ac_cv_type_int=yes
ac_cv_type_long=yes
ac_cv_type_long_long=yes
ac_cv_type_short=yes
ac_cv_type_uint64_t=yes

## ----------------- ##
## Output variables. ##
## ----------------- ##

CC='gcc'
CFLAGS=' -I/usr/include -I/usr/include'
CPP='gcc -E'
CPPFLAGS=' -I/usr/include -I/usr/include'
DEFS='-DHAVE_CONFIG_H'
DFLAGS=''
ECHO_C=''
ECHO_N='-n'
ECHO_T=''
EGREP='/bin/grep -E'
EXEEXT=''
GREP='/bin/grep'
INSTALL_DATA='${INSTALL} -m 644'
INSTALL_PROGRAM='${INSTALL}'
INSTALL_SCRIPT='${INSTALL}'
LDFLAGS=''
LIBOBJS=''
LIBS='-levent -lcrypto -lssl  -L/usr/lib -L/usr/lib'
LTLIBOBJS=''
OBJEXT='o'
PACKAGE_BUGREPORT=''
PACKAGE_NAME='libmsocket'
PACKAGE_STRING='libmsocket 0.4'
PACKAGE_TARNAME='libmsocket'
PACKAGE_VERSION='0.4'
PATH_SEPARATOR=':'
PREFIX='/usr/local'
SET_MAKE=''
SHELL='/bin/bash'
STDOUT=''
TEST='/usr/bin/test'
ac_ct_CC='gcc'
bindir='${exec_prefix}/bin'
build_alias=''
datadir='${datarootdir}'
datarootdir='${prefix}/share'
docdir='${datarootdir}/doc/${PACKAGE_TARNAME}'
dvidir='${docdir}'
exec_prefix='${prefix}'
host_alias=''
htmldir='${docdir}'
includedir='${prefix}/include'
infodir='${datarootdir}/info'
libdir='${exec_prefix}/lib'
libexecdir='${exec_prefix}/libexec'
localedir='${datarootdir}/locale'
localstatedir='${prefix}/var'
mandir='${datarootdir}/man'
oldincludedir='/usr/include'
pdfdir='${docdir}'
prefix='/usr/local'
program_transform_name='s,x,x,'
psdir='${docdir}'
sbindir='${exec_prefix}/sbin'
sharedstatedir='${prefix}/com'
sysconfdir='${prefix}/etc'
target_alias=''

## ----------- ##
## confdefs.h. ##
## ----------- ##

#define PACKAGE_NAME "libmsocket"
#define PACKAGE_TARNAME "libmsocket"
#define PACKAGE_VERSION "0.4"
#define PACKAGE_STRING "libmsocket 0.4"
#define PACKAGE_BUGREPORT ""
#define STDC_HEADERS 1
#define HAVE_SYS_TYPES_H 1
#define HAVE_SYS_STAT_H 1
#define HAVE_STDLIB_H 1
#define HAVE_STRING_H 1
#define HAVE_MEMORY_H 1
#define HAVE_STRINGS_H 1
#define HAVE_INTTYPES_H 1
#define HAVE_STDINT_H 1
#define HAVE_UNISTD_H 1
#define STDC_HEADERS 1
#define HAVE_SYS_PARAM_H 1
#define HAVE_NETINET_IN_H 1
#define SIZEOF_LONG_LONG 8
#define SIZEOF_LONG 8
#define SIZEOF_INT 4
#define SIZEOF_SHORT 2
#define HAVE_MMAP 1
#define HAVE_REALLOC 1
#define HAVE_GMTIME_R 1
#define HAVE_LOCALTIME_R 1
#define HAVE_USLEEP 1
#define HAVE_GETPASS 1
#define HAVE_GETPASS 1
#define LMS_ENTROPYSOURCE "/dev/urandom"
#define HAVE_LIBSSL 1
#define HAVE_LIBCRYPTO 1
#define HAVE_LIBEVENT 1
#define MY_PREFIX "/usr/local"

configure: exit 0
